#
# There is insufficient memory for the Java Runtime Environment to continue.
# Native memory allocation (malloc) failed to allocate 966336 bytes for Chunk::new
# Possible reasons:
#   The system is out of physical RAM or swap space
#   The process is running with CompressedOops enabled, and the Java Heap may be blocking the growth of the native heap
# Possible solutions:
#   Reduce memory load on the system
#   Increase physical memory or swap space
#   Check if swap backing store is full
#   Decrease Java heap size (-Xmx/-Xms)
#   Decrease number of Java threads
#   Decrease Java thread stack sizes (-Xss)
#   Set larger code cache with -XX:ReservedCodeCacheSize=
#   JVM is running with Unscaled Compressed Oops mode in which the Java heap is
#     placed in the first 4GB address space. The Java Heap base address is the
#     maximum limit for the native heap growth. Please use -XX:HeapBaseMinAddress
#     to set the Java Heap base and to place the Java Heap above 4GB virtual address.
# This output file may be truncated or incomplete.
#
#  Out of Memory Error (arena.cpp:184), pid=25352, tid=20752
#
# JRE version: Java(TM) SE Runtime Environment (20.0.1+9) (build 20.0.1+9-29)
# Java VM: Java HotSpot(TM) 64-Bit Server VM (20.0.1+9-29, mixed mode, sharing, tiered, compressed oops, compressed class ptrs, g1 gc, windows-amd64)
# No core dump will be written. Minidumps are not enabled by default on client versions of Windows
#

---------------  S U M M A R Y ------------

Command Line: -javaagent:C:\Program Files\JetBrains\IntelliJ IDEA Community Edition 2023.1.4\lib\idea_rt.jar=52745:C:\Program Files\JetBrains\IntelliJ IDEA Community Edition 2023.1.4\bin -Dfile.encoding=UTF-8 -Dsun.stdout.encoding=UTF-8 -Dsun.stderr.encoding=UTF-8 pe.nico.segovia.StackoverflowSpringApplication

Host: Intel(R) Core(TM) i3-10110U CPU @ 2.10GHz, 4 cores, 3G,  Windows 10 , 64 bit Build 19041 (10.0.19041.3636)
Time: Thu Feb 29 17:26:14 2024 Hora est. Pacífico, Sudamérica elapsed time: 12.422987 seconds (0d 0h 0m 12s)

---------------  T H R E A D  ---------------

Current thread (0x0000014a44626180):  JavaThread "C2 CompilerThread0" daemon [_thread_in_native, id=20752, stack(0x0000002326300000,0x0000002326400000)]


Current CompileTask:
C2:  12423 3465       4       org.springframework.beans.factory.support.AbstractBeanFactory::isTypeMatch (619 bytes)

Stack: [0x0000002326300000,0x0000002326400000]
Native frames: (J=compiled Java code, j=interpreted, Vv=VM code, C=native code)
V  [jvm.dll+0x6bb95a]
V  [jvm.dll+0x8485fa]
V  [jvm.dll+0x84a1f5]
V  [jvm.dll+0x84a8f3]
V  [jvm.dll+0x280b0f]
V  [jvm.dll+0xc2b11]
V  [jvm.dll+0xc2e35]
V  [jvm.dll+0x2f5dbf]
V  [jvm.dll+0x5e32eb]
V  [jvm.dll+0x2543b4]
V  [jvm.dll+0x24cc3a]
V  [jvm.dll+0x24a549]
V  [jvm.dll+0x1ce491]
V  [jvm.dll+0x259e1b]
V  [jvm.dll+0x2584f0]
V  [jvm.dll+0x3f2895]
V  [jvm.dll+0x7f4b56]
V  [jvm.dll+0x6ba5cb]
C  [ucrtbase.dll+0x21bb2]
C  [KERNEL32.DLL+0x17344]
C  [ntdll.dll+0x526b1]


---------------  P R O C E S S  ---------------

Threads class SMR info:
_java_thread_list=0x0000014a4929a160, length=12, elements={
0x0000014a27c9f980, 0x0000014a4461a400, 0x0000014a4461b3a0, 0x0000014a4461def0,
0x0000014a44624010, 0x0000014a44624bd0, 0x0000014a44625510, 0x0000014a44626180,
0x0000014a44627ac0, 0x0000014a446de610, 0x0000014a48a9f4a0, 0x0000014a48a9f9f0
}

Java Threads: ( => current thread )
  0x0000014a27c9f980 JavaThread "main" [_thread_in_native, id=21820, stack(0x0000002325600000,0x0000002325700000)]
  0x0000014a4461a400 JavaThread "Reference Handler" daemon [_thread_blocked, id=16452, stack(0x0000002325d00000,0x0000002325e00000)]
  0x0000014a4461b3a0 JavaThread "Finalizer" daemon [_thread_blocked, id=13904, stack(0x0000002325e00000,0x0000002325f00000)]
  0x0000014a4461def0 JavaThread "Signal Dispatcher" daemon [_thread_blocked, id=1688, stack(0x0000002325f00000,0x0000002326000000)]
  0x0000014a44624010 JavaThread "Attach Listener" daemon [_thread_blocked, id=16616, stack(0x0000002326000000,0x0000002326100000)]
  0x0000014a44624bd0 JavaThread "Service Thread" daemon [_thread_blocked, id=10556, stack(0x0000002326100000,0x0000002326200000)]
  0x0000014a44625510 JavaThread "Monitor Deflation Thread" daemon [_thread_blocked, id=19540, stack(0x0000002326200000,0x0000002326300000)]
=>0x0000014a44626180 JavaThread "C2 CompilerThread0" daemon [_thread_in_native, id=20752, stack(0x0000002326300000,0x0000002326400000)]
  0x0000014a44627ac0 JavaThread "C1 CompilerThread0" daemon [_thread_blocked, id=19856, stack(0x0000002326400000,0x0000002326500000)]
  0x0000014a446de610 JavaThread "Common-Cleaner" daemon [_thread_blocked, id=22080, stack(0x0000002326500000,0x0000002326600000)]
  0x0000014a48a9f4a0 JavaThread "Monitor Ctrl-Break" daemon [_thread_in_native, id=18576, stack(0x0000002326700000,0x0000002326800000)]
  0x0000014a48a9f9f0 JavaThread "Notification Thread" daemon [_thread_blocked, id=9024, stack(0x0000002326800000,0x0000002326900000)]

Other Threads:
  0x0000014a27d5bb80 VMThread "VM Thread" [stack: 0x0000002325c00000,0x0000002325d00000] [id=10632]
  0x0000014a27ca0870 WatcherThread "VM Periodic Task Thread" [stack: 0x0000002326900000,0x0000002326a00000] [id=12892]
  0x0000014a27cde540 WorkerThread "GC Thread#0" [stack: 0x0000002325700000,0x0000002325800000] [id=8780]
  0x0000014a48e337a0 WorkerThread "GC Thread#1" [stack: 0x0000002326a00000,0x0000002326b00000] [id=21952]
  0x0000014a490959d0 WorkerThread "GC Thread#2" [stack: 0x0000002326b00000,0x0000002326c00000] [id=25088]
  0x0000014a48f1c0d0 WorkerThread "GC Thread#3" [stack: 0x0000002326c00000,0x0000002326d00000] [id=16476]
  0x0000014a27ce8d80 ConcurrentGCThread "G1 Main Marker" [stack: 0x0000002325800000,0x0000002325900000] [id=14772]
  0x0000014a27ce96c0 WorkerThread "G1 Conc#0" [stack: 0x0000002325900000,0x0000002325a00000] [id=22872]
  0x0000014a27d3b2f0 ConcurrentGCThread "G1 Refine#0" [stack: 0x0000002325a00000,0x0000002325b00000] [id=23600]
  0x0000014a27d3bca0 ConcurrentGCThread "G1 Service" [stack: 0x0000002325b00000,0x0000002325c00000] [id=23724]

Threads with active compile tasks:
C2 CompilerThread0    12476 3465       4       org.springframework.beans.factory.support.AbstractBeanFactory::isTypeMatch (619 bytes)

VM state: not at safepoint (normal execution)

VM Mutex/Monitor currently owned by a thread: None

Heap address: 0x00000000c3000000, size: 976 MB, Compressed Oops mode: 32-bit

CDS archive(s) mapped at: [0x0000000800000000-0x0000000800c60000-0x0000000800c60000), size 12976128, SharedBaseAddress: 0x0000000800000000, ArchiveRelocationMode: 0.
Compressed class space mapped at: 0x0000000801000000-0x0000000841000000, reserved size: 1073741824
Narrow klass base: 0x0000000800000000, Narrow klass shift: 0, Narrow klass range: 0x100000000

GC Precious Log:
 CardTable entry size: 512
 Card Set container configuration: InlinePtr #cards 5 size 8 Array Of Cards #cards 12 size 40 Howl #buckets 4 coarsen threshold 1843 Howl Bitmap #cards 512 size 80 coarsen threshold 460 Card regions per heap region 1 cards per card region 2048
 CPUs: 4 total, 4 available
 Memory: 3900M
 Large Page Support: Disabled
 NUMA Support: Disabled
 Compressed Oops: Enabled (32-bit)
 Heap Region Size: 1M
 Heap Min Capacity: 8M
 Heap Initial Capacity: 62M
 Heap Max Capacity: 976M
 Pre-touch: Disabled
 Parallel Workers: 4
 Concurrent Workers: 1
 Concurrent Refinement Workers: 4
 Periodic GC: Disabled

Heap:
 garbage-first heap   total 48128K, used 23149K [0x00000000c3000000, 0x0000000100000000)
  region size 1024K, 12 young (12288K), 2 survivors (2048K)
 Metaspace       used 23073K, committed 23488K, reserved 1114112K
  class space    used 2863K, committed 3072K, reserved 1048576K

Heap Regions: E=young(eden), S=young(survivor), O=old, HS=humongous(starts), HC=humongous(continues), CS=collection set, F=free, OA=open archive, CA=closed archive, TAMS=top-at-mark-start, PB=parsable bottom
|   0|0x00000000c3000000, 0x00000000c3100000, 0x00000000c3100000|100%|HS|  |TAMS 0x00000000c3000000| PB 0x00000000c3000000| Complete 
|   1|0x00000000c3100000, 0x00000000c3200000, 0x00000000c3200000|100%| O|  |TAMS 0x00000000c3100000| PB 0x00000000c3100000| Complete 
|   2|0x00000000c3200000, 0x00000000c3300000, 0x00000000c3300000|100%| O|  |TAMS 0x00000000c3200000| PB 0x00000000c3200000| Untracked 
|   3|0x00000000c3300000, 0x00000000c3400000, 0x00000000c3400000|100%| O|  |TAMS 0x00000000c3300000| PB 0x00000000c3300000| Untracked 
|   4|0x00000000c3400000, 0x00000000c3500000, 0x00000000c3500000|100%| O|  |TAMS 0x00000000c3400000| PB 0x00000000c3400000| Untracked 
|   5|0x00000000c3500000, 0x00000000c3600000, 0x00000000c3600000|100%| O|  |TAMS 0x00000000c3500000| PB 0x00000000c3500000| Untracked 
|   6|0x00000000c3600000, 0x00000000c3700000, 0x00000000c3700000|100%| O|  |TAMS 0x00000000c3600000| PB 0x00000000c3600000| Untracked 
|   7|0x00000000c3700000, 0x00000000c3800000, 0x00000000c3800000|100%| O|  |TAMS 0x00000000c3700000| PB 0x00000000c3700000| Untracked 
|   8|0x00000000c3800000, 0x00000000c3900000, 0x00000000c3900000|100%| O|  |TAMS 0x00000000c3800000| PB 0x00000000c3800000| Untracked 
|   9|0x00000000c3900000, 0x00000000c3a00000, 0x00000000c3a00000|100%| O|  |TAMS 0x00000000c3900000| PB 0x00000000c3900000| Untracked 
|  10|0x00000000c3a00000, 0x00000000c3b00000, 0x00000000c3b00000|100%| O|  |TAMS 0x00000000c3a00000| PB 0x00000000c3a00000| Untracked 
|  11|0x00000000c3b00000, 0x00000000c3bd7200, 0x00000000c3c00000| 84%| O|  |TAMS 0x00000000c3b00000| PB 0x00000000c3b00000| Untracked 
|  12|0x00000000c3c00000, 0x00000000c3c00000, 0x00000000c3d00000|  0%| F|  |TAMS 0x00000000c3c00000| PB 0x00000000c3c00000| Untracked 
|  13|0x00000000c3d00000, 0x00000000c3d00000, 0x00000000c3e00000|  0%| F|  |TAMS 0x00000000c3d00000| PB 0x00000000c3d00000| Untracked 
|  14|0x00000000c3e00000, 0x00000000c3e00000, 0x00000000c3f00000|  0%| F|  |TAMS 0x00000000c3e00000| PB 0x00000000c3e00000| Untracked 
|  15|0x00000000c3f00000, 0x00000000c3f00000, 0x00000000c4000000|  0%| F|  |TAMS 0x00000000c3f00000| PB 0x00000000c3f00000| Untracked 
|  16|0x00000000c4000000, 0x00000000c4000000, 0x00000000c4100000|  0%| F|  |TAMS 0x00000000c4000000| PB 0x00000000c4000000| Untracked 
|  17|0x00000000c4100000, 0x00000000c4100000, 0x00000000c4200000|  0%| F|  |TAMS 0x00000000c4100000| PB 0x00000000c4100000| Untracked 
|  18|0x00000000c4200000, 0x00000000c4200000, 0x00000000c4300000|  0%| F|  |TAMS 0x00000000c4200000| PB 0x00000000c4200000| Untracked 
|  19|0x00000000c4300000, 0x00000000c4300000, 0x00000000c4400000|  0%| F|  |TAMS 0x00000000c4300000| PB 0x00000000c4300000| Untracked 
|  20|0x00000000c4400000, 0x00000000c4400000, 0x00000000c4500000|  0%| F|  |TAMS 0x00000000c4400000| PB 0x00000000c4400000| Untracked 
|  21|0x00000000c4500000, 0x00000000c4500000, 0x00000000c4600000|  0%| F|  |TAMS 0x00000000c4500000| PB 0x00000000c4500000| Untracked 
|  22|0x00000000c4600000, 0x00000000c4600000, 0x00000000c4700000|  0%| F|  |TAMS 0x00000000c4600000| PB 0x00000000c4600000| Untracked 
|  23|0x00000000c4700000, 0x00000000c4700000, 0x00000000c4800000|  0%| F|  |TAMS 0x00000000c4700000| PB 0x00000000c4700000| Untracked 
|  24|0x00000000c4800000, 0x00000000c4800000, 0x00000000c4900000|  0%| F|  |TAMS 0x00000000c4800000| PB 0x00000000c4800000| Untracked 
|  25|0x00000000c4900000, 0x00000000c4900000, 0x00000000c4a00000|  0%| F|  |TAMS 0x00000000c4900000| PB 0x00000000c4900000| Untracked 
|  26|0x00000000c4a00000, 0x00000000c4a00000, 0x00000000c4b00000|  0%| F|  |TAMS 0x00000000c4a00000| PB 0x00000000c4a00000| Untracked 
|  27|0x00000000c4b00000, 0x00000000c4b00000, 0x00000000c4c00000|  0%| F|  |TAMS 0x00000000c4b00000| PB 0x00000000c4b00000| Untracked 
|  28|0x00000000c4c00000, 0x00000000c4c00000, 0x00000000c4d00000|  0%| F|  |TAMS 0x00000000c4c00000| PB 0x00000000c4c00000| Untracked 
|  29|0x00000000c4d00000, 0x00000000c4d00000, 0x00000000c4e00000|  0%| F|  |TAMS 0x00000000c4d00000| PB 0x00000000c4d00000| Untracked 
|  30|0x00000000c4e00000, 0x00000000c4e00000, 0x00000000c4f00000|  0%| F|  |TAMS 0x00000000c4e00000| PB 0x00000000c4e00000| Untracked 
|  31|0x00000000c4f00000, 0x00000000c4f00000, 0x00000000c5000000|  0%| F|  |TAMS 0x00000000c4f00000| PB 0x00000000c4f00000| Untracked 
|  32|0x00000000c5000000, 0x00000000c5000000, 0x00000000c5100000|  0%| F|  |TAMS 0x00000000c5000000| PB 0x00000000c5000000| Untracked 
|  33|0x00000000c5100000, 0x00000000c5100000, 0x00000000c5200000|  0%| F|  |TAMS 0x00000000c5100000| PB 0x00000000c5100000| Untracked 
|  34|0x00000000c5200000, 0x00000000c5200000, 0x00000000c5300000|  0%| F|  |TAMS 0x00000000c5200000| PB 0x00000000c5200000| Untracked 
|  35|0x00000000c5300000, 0x00000000c5400000, 0x00000000c5400000|100%| E|  |TAMS 0x00000000c5300000| PB 0x00000000c5300000| Complete 
|  36|0x00000000c5400000, 0x00000000c5500000, 0x00000000c5500000|100%| E|CS|TAMS 0x00000000c5400000| PB 0x00000000c5400000| Complete 
|  37|0x00000000c5500000, 0x00000000c5600000, 0x00000000c5600000|100%| E|CS|TAMS 0x00000000c5500000| PB 0x00000000c5500000| Complete 
|  38|0x00000000c5600000, 0x00000000c5700000, 0x00000000c5700000|100%| E|CS|TAMS 0x00000000c5600000| PB 0x00000000c5600000| Complete 
|  39|0x00000000c5700000, 0x00000000c5800000, 0x00000000c5800000|100%| E|CS|TAMS 0x00000000c5700000| PB 0x00000000c5700000| Complete 
|  40|0x00000000c5800000, 0x00000000c5900000, 0x00000000c5900000|100%| E|CS|TAMS 0x00000000c5800000| PB 0x00000000c5800000| Complete 
|  41|0x00000000c5900000, 0x00000000c5a00000, 0x00000000c5a00000|100%| E|CS|TAMS 0x00000000c5900000| PB 0x00000000c5900000| Complete 
|  42|0x00000000c5a00000, 0x00000000c5b00000, 0x00000000c5b00000|100%| E|CS|TAMS 0x00000000c5a00000| PB 0x00000000c5a00000| Complete 
|  43|0x00000000c5b00000, 0x00000000c5c00000, 0x00000000c5c00000|100%| E|CS|TAMS 0x00000000c5b00000| PB 0x00000000c5b00000| Complete 
|  44|0x00000000c5c00000, 0x00000000c5d00000, 0x00000000c5d00000|100%| E|CS|TAMS 0x00000000c5c00000| PB 0x00000000c5c00000| Complete 
|  47|0x00000000c5f00000, 0x00000000c5fc4210, 0x00000000c6000000| 76%| S|CS|TAMS 0x00000000c5f00000| PB 0x00000000c5f00000| Complete 
|  48|0x00000000c6000000, 0x00000000c6100000, 0x00000000c6100000|100%| S|CS|TAMS 0x00000000c6000000| PB 0x00000000c6000000| Complete 

Card table byte_map: [0x0000014a40d50000,0x0000014a40f40000] _byte_map_base: 0x0000014a40738000

Marking Bits: (CMBitMap*) 0x0000014a27ce0aa0
 Bits: [0x0000014a41130000, 0x0000014a42070000)

Polling page: 0x0000014a27d60000

Metaspace:

Usage:
  Non-class:     19.75 MB used.
      Class:      2.80 MB used.
       Both:     22.54 MB used.

Virtual space:
  Non-class space:       64.00 MB reserved,      20.00 MB ( 31%) committed,  1 nodes.
      Class space:        1.00 GB reserved,       3.00 MB ( <1%) committed,  1 nodes.
             Both:        1.06 GB reserved,      23.00 MB (  2%) committed. 

Chunk freelists:
   Non-Class:  3.42 MB
       Class:  1.03 MB
        Both:  4.45 MB

MaxMetaspaceSize: unlimited
CompressedClassSpaceSize: 1.00 GB
Initial GC threshold: 21.00 MB
Current GC threshold: 35.12 MB
CDS: on
MetaspaceReclaimPolicy: balanced
 - commit_granule_bytes: 65536.
 - commit_granule_words: 8192.
 - virtual_space_node_default_size: 8388608.
 - enlarge_chunks_in_place: 1.
 - new_chunks_are_fully_committed: 0.
 - uncommit_free_chunks: 1.
 - use_allocation_guard: 0.


Internal statistics:

num_allocs_failed_limit: 3.
num_arena_births: 502.
num_arena_deaths: 0.
num_vsnodes_births: 2.
num_vsnodes_deaths: 0.
num_space_committed: 368.
num_space_uncommitted: 0.
num_chunks_returned_to_freelist: 3.
num_chunks_taken_from_freelist: 1351.
num_chunk_merges: 3.
num_chunk_splits: 896.
num_chunks_enlarged: 618.
num_inconsistent_stats: 0.

CodeHeap 'non-profiled nmethods': size=120000Kb used=1575Kb max_used=1575Kb free=118424Kb
 bounds [0x0000014a39000000, 0x0000014a39270000, 0x0000014a40530000]
CodeHeap 'profiled nmethods': size=120000Kb used=7399Kb max_used=7399Kb free=112600Kb
 bounds [0x0000014a31530000, 0x0000014a31c70000, 0x0000014a38a60000]
CodeHeap 'non-nmethods': size=5760Kb used=1493Kb max_used=1555Kb free=4266Kb
 bounds [0x0000014a38a60000, 0x0000014a38cd0000, 0x0000014a39000000]
 total_blobs=4029 nmethods=3510 adapters=429
 compilation: enabled
              stopped_count=0, restarted_count=0
 full_count=0

Compilation events (20 events):
Event: 12.405 Thread 0x0000014a44627ac0 3475       3       java.lang.invoke.LambdaProxyClassArchive::loadedByBuiltinLoader (22 bytes)
Event: 12.405 Thread 0x0000014a44627ac0 nmethod 3475 0x0000014a31c51190 code [0x0000014a31c51340, 0x0000014a31c51758]
Event: 12.405 Thread 0x0000014a44627ac0 3476       3       jdk.internal.misc.CDS::isSharingEnabled (4 bytes)
Event: 12.405 Thread 0x0000014a44627ac0 nmethod 3476 0x0000014a31c51890 code [0x0000014a31c51a20, 0x0000014a31c51b10]
Event: 12.405 Thread 0x0000014a44627ac0 3479       3       java.lang.invoke.LambdaProxyClassArchive::find (63 bytes)
Event: 12.406 Thread 0x0000014a44627ac0 nmethod 3479 0x0000014a31c51b90 code [0x0000014a31c51da0, 0x0000014a31c52580]
Event: 12.406 Thread 0x0000014a44627ac0 3477       3       java.lang.invoke.MethodHandles$Lookup::getDirectConstructor (10 bytes)
Event: 12.406 Thread 0x0000014a44627ac0 nmethod 3477 0x0000014a31c52810 code [0x0000014a31c529a0, 0x0000014a31c52ad8]
Event: 12.406 Thread 0x0000014a44627ac0 3480       3       java.lang.invoke.MethodHandles$Lookup::findConstructor (61 bytes)
Event: 12.407 Thread 0x0000014a44627ac0 nmethod 3480 0x0000014a31c52b90 code [0x0000014a31c52de0, 0x0000014a31c53568]
Event: 12.408 Thread 0x0000014a44627ac0 3481       3       java.lang.invoke.Invokers$Holder::invokeExact_MT (32 bytes)
Event: 12.408 Thread 0x0000014a44627ac0 nmethod 3481 0x0000014a31c53890 code [0x0000014a31c53a80, 0x0000014a31c542d0]
Event: 12.409 Thread 0x0000014a44627ac0 3483   !   3       java.lang.reflect.Field::declaredAnnotations (82 bytes)
Event: 12.410 Thread 0x0000014a44627ac0 nmethod 3483 0x0000014a31c54510 code [0x0000014a31c54700, 0x0000014a31c54c30]
Event: 12.412 Thread 0x0000014a44627ac0 3484       3       org.springframework.core.MethodParameter::<init> (8 bytes)
Event: 12.413 Thread 0x0000014a44627ac0 nmethod 3484 0x0000014a31c54f10 code [0x0000014a31c55180, 0x0000014a31c55e98]
Event: 12.413 Thread 0x0000014a44627ac0 3486       3       org.springframework.beans.AbstractNestablePropertyAccessor::getWrappedInstance (22 bytes)
Event: 12.413 Thread 0x0000014a44627ac0 nmethod 3486 0x0000014a31c56390 code [0x0000014a31c56540, 0x0000014a31c56808]
Event: 12.413 Thread 0x0000014a44627ac0 3485       3       org.springframework.core.MethodParameter::<init> (30 bytes)
Event: 12.414 Thread 0x0000014a44627ac0 nmethod 3485 0x0000014a31c56910 code [0x0000014a31c56b80, 0x0000014a31c57850]

GC Heap History (10 events):
Event: 3.254 GC heap before
{Heap before GC invocations=0 (full 0):
 garbage-first heap   total 63488K, used 13312K [0x00000000c3000000, 0x0000000100000000)
  region size 1024K, 13 young (13312K), 0 survivors (0K)
 Metaspace       used 3462K, committed 3648K, reserved 1114112K
  class space    used 353K, committed 448K, reserved 1048576K
}
Event: 3.332 GC heap after
{Heap after GC invocations=1 (full 0):
 garbage-first heap   total 63488K, used 6272K [0x00000000c3000000, 0x0000000100000000)
  region size 1024K, 2 young (2048K), 2 survivors (2048K)
 Metaspace       used 3462K, committed 3648K, reserved 1114112K
  class space    used 353K, committed 448K, reserved 1048576K
}
Event: 4.953 GC heap before
{Heap before GC invocations=1 (full 0):
 garbage-first heap   total 63488K, used 18560K [0x00000000c3000000, 0x0000000100000000)
  region size 1024K, 14 young (14336K), 2 survivors (2048K)
 Metaspace       used 7174K, committed 7424K, reserved 1114112K
  class space    used 853K, committed 960K, reserved 1048576K
}
Event: 4.958 GC heap after
{Heap after GC invocations=2 (full 0):
 garbage-first heap   total 63488K, used 7561K [0x00000000c3000000, 0x0000000100000000)
  region size 1024K, 2 young (2048K), 2 survivors (2048K)
 Metaspace       used 7174K, committed 7424K, reserved 1114112K
  class space    used 853K, committed 960K, reserved 1048576K
}
Event: 6.023 GC heap before
{Heap before GC invocations=2 (full 0):
 garbage-first heap   total 63488K, used 31113K [0x00000000c3000000, 0x0000000100000000)
  region size 1024K, 26 young (26624K), 2 survivors (2048K)
 Metaspace       used 14038K, committed 14336K, reserved 1114112K
  class space    used 1654K, committed 1792K, reserved 1048576K
}
Event: 6.029 GC heap after
{Heap after GC invocations=3 (full 0):
 garbage-first heap   total 63488K, used 9476K [0x00000000c3000000, 0x0000000100000000)
  region size 1024K, 4 young (4096K), 4 survivors (4096K)
 Metaspace       used 14038K, committed 14336K, reserved 1114112K
  class space    used 1654K, committed 1792K, reserved 1048576K
}
Event: 9.428 GC heap before
{Heap before GC invocations=3 (full 0):
 garbage-first heap   total 63488K, used 42244K [0x00000000c3000000, 0x0000000100000000)
  region size 1024K, 37 young (37888K), 4 survivors (4096K)
 Metaspace       used 19071K, committed 19392K, reserved 1114112K
  class space    used 2268K, committed 2432K, reserved 1048576K
}
Event: 9.438 GC heap after
{Heap after GC invocations=4 (full 0):
 garbage-first heap   total 63488K, used 12513K [0x00000000c3000000, 0x0000000100000000)
  region size 1024K, 5 young (5120K), 5 survivors (5120K)
 Metaspace       used 19071K, committed 19392K, reserved 1114112K
  class space    used 2268K, committed 2432K, reserved 1048576K
}
Event: 11.091 GC heap before
{Heap before GC invocations=4 (full 0):
 garbage-first heap   total 63488K, used 24801K [0x00000000c3000000, 0x0000000100000000)
  region size 1024K, 18 young (18432K), 5 survivors (5120K)
 Metaspace       used 21171K, committed 21504K, reserved 1114112K
  class space    used 2577K, committed 2752K, reserved 1048576K
}
Event: 11.111 GC heap after
{Heap after GC invocations=5 (full 0):
 garbage-first heap   total 63488K, used 13933K [0x00000000c3000000, 0x0000000100000000)
  region size 1024K, 2 young (2048K), 2 survivors (2048K)
 Metaspace       used 21171K, committed 21504K, reserved 1114112K
  class space    used 2577K, committed 2752K, reserved 1048576K
}

Dll operation events (10 events):
Event: 0.020 Loaded shared library C:\Program Files\Java\jdk-20\bin\java.dll
Event: 0.031 Loaded shared library C:\Program Files\Java\jdk-20\bin\jsvml.dll
Event: 0.298 Loaded shared library C:\Program Files\Java\jdk-20\bin\zip.dll
Event: 0.303 Loaded shared library C:\Program Files\Java\jdk-20\bin\instrument.dll
Event: 0.317 Loaded shared library C:\Program Files\Java\jdk-20\bin\net.dll
Event: 0.321 Loaded shared library C:\Program Files\Java\jdk-20\bin\nio.dll
Event: 0.333 Loaded shared library C:\Program Files\Java\jdk-20\bin\zip.dll
Event: 0.783 Loaded shared library C:\Program Files\JetBrains\IntelliJ IDEA Community Edition 2023.1.4\bin\breakgen64.dll
Event: 0.843 Loaded shared library C:\Program Files\Java\jdk-20\bin\extnet.dll
Event: 1.229 Loaded shared library C:\Program Files\Java\jdk-20\bin\jimage.dll

Deoptimization events (20 events):
Event: 12.086 Thread 0x0000014a27c9f980 DEOPT PACKING pc=0x0000014a39147204 sp=0x00000023256fcec0
Event: 12.086 Thread 0x0000014a27c9f980 DEOPT UNPACKING pc=0x0000014a38ac9d22 sp=0x00000023256fcea8 mode 2
Event: 12.149 Thread 0x0000014a27c9f980 DEOPT PACKING pc=0x0000014a31aeab54 sp=0x00000023256fd290
Event: 12.149 Thread 0x0000014a27c9f980 DEOPT UNPACKING pc=0x0000014a38aca4c2 sp=0x00000023256fc748 mode 0
Event: 12.149 Thread 0x0000014a27c9f980 Uncommon trap: trap_request=0xffffff45 fr.pc=0x0000014a390f0364 relative=0x0000000000000504
Event: 12.149 Thread 0x0000014a27c9f980 Uncommon trap: reason=unstable_if action=reinterpret pc=0x0000014a390f0364 method=org.springframework.util.ConcurrentReferenceHashMap$Segment.findInChain(Lorg/springframework/util/ConcurrentReferenceHashMap$Reference;Ljava/lang/Object;I)Lorg/springframewo
Event: 12.149 Thread 0x0000014a27c9f980 DEOPT PACKING pc=0x0000014a390f0364 sp=0x00000023256fd130
Event: 12.149 Thread 0x0000014a27c9f980 DEOPT UNPACKING pc=0x0000014a38ac9d22 sp=0x00000023256fcf68 mode 2
Event: 12.154 Thread 0x0000014a27c9f980 Uncommon trap: trap_request=0xffffff45 fr.pc=0x0000014a390ed4ec relative=0x000000000000024c
Event: 12.154 Thread 0x0000014a27c9f980 Uncommon trap: reason=unstable_if action=reinterpret pc=0x0000014a390ed4ec method=org.springframework.util.ConcurrentReferenceHashMap$Segment.findInChain(Lorg/springframework/util/ConcurrentReferenceHashMap$Reference;Ljava/lang/Object;I)Lorg/springframewo
Event: 12.154 Thread 0x0000014a27c9f980 DEOPT PACKING pc=0x0000014a390ed4ec sp=0x00000023256fcd70
Event: 12.154 Thread 0x0000014a27c9f980 DEOPT UNPACKING pc=0x0000014a38ac9d22 sp=0x00000023256fcd18 mode 2
Event: 12.208 Thread 0x0000014a27c9f980 Uncommon trap: trap_request=0xffffffde fr.pc=0x0000014a3917e5e8 relative=0x0000000000000f08
Event: 12.208 Thread 0x0000014a27c9f980 Uncommon trap: reason=class_check action=maybe_recompile pc=0x0000014a3917e5e8 method=org.springframework.beans.factory.support.AbstractBeanFactory.getBeanPostProcessorCache()Lorg/springframework/beans/factory/support/AbstractBeanFactory$BeanPostProcessor
Event: 12.208 Thread 0x0000014a27c9f980 DEOPT PACKING pc=0x0000014a3917e5e8 sp=0x00000023256fe6b0
Event: 12.208 Thread 0x0000014a27c9f980 DEOPT UNPACKING pc=0x0000014a38ac9d22 sp=0x00000023256fe670 mode 2
Event: 12.253 Thread 0x0000014a27c9f980 Uncommon trap: trap_request=0xffffff45 fr.pc=0x0000014a391789ac relative=0x00000000000048cc
Event: 12.253 Thread 0x0000014a27c9f980 Uncommon trap: reason=unstable_if action=reinterpret pc=0x0000014a391789ac method=java.lang.invoke.MethodType.methodType(Ljava/lang/Class;[Ljava/lang/Class;Z)Ljava/lang/invoke/MethodType; @ 53 c2
Event: 12.253 Thread 0x0000014a27c9f980 DEOPT PACKING pc=0x0000014a391789ac sp=0x00000023256fce50
Event: 12.253 Thread 0x0000014a27c9f980 DEOPT UNPACKING pc=0x0000014a38ac9d22 sp=0x00000023256fce70 mode 2

Classes loaded (20 events):
Event: 11.890 Loading class java/security/PublicKey done
Event: 11.890 Loading class java/security/interfaces/RSAKey
Event: 11.890 Loading class java/security/interfaces/RSAKey done
Event: 11.890 Loading class java/security/interfaces/RSAPublicKey done
Event: 11.892 Loading class java/security/interfaces/RSAPrivateKey
Event: 11.892 Loading class java/security/PrivateKey
Event: 11.892 Loading class javax/security/auth/Destroyable
Event: 11.893 Loading class javax/security/auth/Destroyable done
Event: 11.893 Loading class java/security/PrivateKey done
Event: 11.893 Loading class java/security/interfaces/RSAPrivateKey done
Event: 11.938 Loading class javax/naming/NameNotFoundException
Event: 11.938 Loading class javax/naming/NameNotFoundException done
Event: 12.010 Loading class sun/invoke/util/ValueConversions$1
Event: 12.010 Loading class sun/invoke/util/ValueConversions$1 done
Event: 12.010 Loading class java/lang/invoke/BoundMethodHandle$Species_LI
Event: 12.010 Loading class java/lang/invoke/BoundMethodHandle$Species_LI done
Event: 12.127 Loading class java/lang/Class$EnclosingMethodInfo
Event: 12.127 Loading class java/lang/Class$EnclosingMethodInfo done
Event: 12.128 Loading class java/lang/reflect/AnnotatedType
Event: 12.128 Loading class java/lang/reflect/AnnotatedType done

Classes unloaded (0 events):
No events

Classes redefined (0 events):
No events

Internal exceptions (20 events):
Event: 11.072 Thread 0x0000014a27c9f980 Exception <a 'java/lang/NoSuchMethodError'{0x00000000c6173190}: 'int java.lang.invoke.DirectMethodHandle$Holder.invokeStaticInit(java.lang.Object, double, double)'> (0x00000000c6173190) 
thrown [s\open\src\hotspot\share\interpreter\linkResolver.cpp, line 773]
Event: 11.073 Thread 0x0000014a27c9f980 Exception <a 'java/lang/NoSuchMethodError'{0x00000000c61774f8}: 'int java.lang.invoke.DirectMethodHandle$Holder.invokeStatic(java.lang.Object, long)'> (0x00000000c61774f8) 
thrown [s\open\src\hotspot\share\interpreter\linkResolver.cpp, line 773]
Event: 11.077 Thread 0x0000014a27c9f980 Exception <a 'java/lang/NoSuchMethodError'{0x00000000c61999d0}: 'int java.lang.invoke.DirectMethodHandle$Holder.invokeSpecial(java.lang.Object, java.lang.Object, int)'> (0x00000000c61999d0) 
thrown [s\open\src\hotspot\share\interpreter\linkResolver.cpp, line 773]
Event: 11.078 Thread 0x0000014a27c9f980 Exception <a 'java/lang/NoSuchMethodError'{0x00000000c61a0e20}: 'int java.lang.invoke.Invokers$Holder.linkToTargetMethod(java.lang.Object, java.lang.Object)'> (0x00000000c61a0e20) 
thrown [s\open\src\hotspot\share\interpreter\linkResolver.cpp, line 773]
Event: 11.175 Thread 0x0000014a27c9f980 Exception <a 'java/lang/NoSuchMethodError'{0x00000000c5c7cac8}: 'java.lang.Object java.lang.invoke.Invokers$Holder.invoke_MT(java.lang.Object, java.lang.Object, java.lang.Object, java.lang.Object, java.lang.Object, java.lang.Object, java.lang.Object, java.lang.Object, java.lang.Object, java.lang.Object)'> (0x00000000c5c7cac8) 
thrown [s\open\src\hotspot\share\interpreter\linkResolver.cpp, line 773]
Event: 11.198 Thread 0x0000014a27c9f980 Exception <a 'java/lang/NoSuchMethodError'{0x00000000c5ccf0c0}: 'java.lang.Object java.lang.invoke.DirectMethodHandle$Holder.invokeSpecial(java.lang.Object, java.lang.Object, int, java.lang.Object, java.lang.Object)'> (0x00000000c5ccf0c0) 
thrown [s\open\src\hotspot\share\interpreter\linkResolver.cpp, line 773]
Event: 11.199 Thread 0x0000014a27c9f980 Exception <a 'java/lang/NoSuchMethodError'{0x00000000c5cd2af0}: 'java.lang.Object java.lang.invoke.DelegatingMethodHandle$Holder.delegate(java.lang.Object, int, java.lang.Object, java.lang.Object)'> (0x00000000c5cd2af0) 
thrown [s\open\src\hotspot\share\interpreter\linkResolver.cpp, line 773]
Event: 11.206 Thread 0x0000014a27c9f980 Exception <a 'java/lang/NoSuchMethodError'{0x00000000c5ce1e50}: 'int java.lang.invoke.Invokers$Holder.linkToTargetMethod(java.lang.Object, java.lang.Object, java.lang.Object)'> (0x00000000c5ce1e50) 
thrown [s\open\src\hotspot\share\interpreter\linkResolver.cpp, line 773]
Event: 11.393 Thread 0x0000014a27c9f980 Exception <a 'java/lang/NoSuchMethodError'{0x00000000c5b7b3d0}: 'void java.lang.invoke.Invokers$Holder.invokeExact_MT(java.lang.Object, java.lang.Object, java.lang.Object)'> (0x00000000c5b7b3d0) 
thrown [s\open\src\hotspot\share\interpreter\linkResolver.cpp, line 773]
Event: 11.539 Thread 0x0000014a27c9f980 Exception <a 'java/lang/NoClassDefFoundError'{0x00000000c5a9d310}: org/flywaydb/core/Flyway> (0x00000000c5a9d310) 
thrown [s\open\src\hotspot\share\classfile\systemDictionary.cpp, line 294]
Event: 11.539 Thread 0x0000014a27c9f980 Exception <a 'java/lang/NoClassDefFoundError'{0x00000000c5a9e3e0}: liquibase/integration/spring/SpringLiquibase> (0x00000000c5a9e3e0) 
thrown [s\open\src\hotspot\share\classfile\systemDictionary.cpp, line 294]
Event: 11.730 Thread 0x0000014a27c9f980 Exception <a 'java/lang/NoClassDefFoundError'{0x00000000c587bc18}: org/jooq/DSLContext> (0x00000000c587bc18) 
thrown [s\open\src\hotspot\share\classfile\systemDictionary.cpp, line 294]
Event: 11.732 Thread 0x0000014a27c9f980 Exception <a 'java/lang/NoClassDefFoundError'{0x00000000c588c0a0}: org/springframework/batch/core/repository/JobRepository> (0x00000000c588c0a0) 
thrown [s\open\src\hotspot\share\classfile\systemDictionary.cpp, line 294]
Event: 11.733 Thread 0x0000014a27c9f980 Exception <a 'java/lang/NoClassDefFoundError'{0x00000000c588cf28}: org/quartz/Scheduler> (0x00000000c588cf28) 
thrown [s\open\src\hotspot\share\classfile\systemDictionary.cpp, line 294]
Event: 11.733 Thread 0x0000014a27c9f980 Exception <a 'java/lang/NoClassDefFoundError'{0x00000000c588e158}: org/springframework/session/jdbc/JdbcIndexedSessionRepository> (0x00000000c588e158) 
thrown [s\open\src\hotspot\share\classfile\systemDictionary.cpp, line 294]
Event: 12.001 Thread 0x0000014a27c9f980 Exception <a 'java/lang/NoSuchMethodError'{0x00000000c5609f00}: 'void java.lang.invoke.DirectMethodHandle$Holder.invokeSpecial(java.lang.Object, java.lang.Object, java.lang.Object, java.lang.Object, java.lang.Object, java.lang.Object)'> (0x00000000c5609f00) 
thrown [s\open\src\hotspot\share\interpreter\linkResolver.cpp, line 773]
Event: 12.009 Thread 0x0000014a27c9f980 Exception <a 'java/lang/NoSuchMethodError'{0x00000000c564c998}: 'void java.lang.invoke.DirectMethodHandle$Holder.invokeVirtual(java.lang.Object, java.lang.Object, int)'> (0x00000000c564c998) 
thrown [s\open\src\hotspot\share\interpreter\linkResolver.cpp, line 773]
Event: 12.010 Thread 0x0000014a27c9f980 Exception <a 'java/lang/NoSuchMethodError'{0x00000000c56508d0}: 'int java.lang.invoke.DirectMethodHandle$Holder.invokeSpecial(java.lang.Object, java.lang.Object, java.lang.Object, int)'> (0x00000000c56508d0) 
thrown [s\open\src\hotspot\share\interpreter\linkResolver.cpp, line 773]
Event: 12.012 Thread 0x0000014a27c9f980 Exception <a 'java/lang/NoSuchMethodError'{0x00000000c5662608}: 'java.lang.Object java.lang.invoke.DirectMethodHandle$Holder.invokeStatic(java.lang.Object, java.lang.Object, java.lang.Object, java.lang.Object, int)'> (0x00000000c5662608) 
thrown [s\open\src\hotspot\share\interpreter\linkResolver.cpp, line 773]
Event: 12.012 Thread 0x0000014a27c9f980 Exception <a 'java/lang/NoSuchMethodError'{0x00000000c566ccc0}: 'void java.lang.invoke.DelegatingMethodHandle$Holder.reinvoke_L(java.lang.Object, java.lang.Object, int)'> (0x00000000c566ccc0) 
thrown [s\open\src\hotspot\share\interpreter\linkResolver.cpp, line 773]

VM Operations (20 events):
Event: 11.051 Executing VM operation: HandshakeAllThreads
Event: 11.051 Executing VM operation: HandshakeAllThreads done
Event: 11.088 Executing VM operation: HandshakeAllThreads
Event: 11.088 Executing VM operation: HandshakeAllThreads done
Event: 11.091 Executing VM operation: CollectForMetadataAllocation
Event: 11.111 Executing VM operation: CollectForMetadataAllocation done
Event: 11.142 Executing VM operation: G1PauseRemark
Event: 11.146 Executing VM operation: G1PauseRemark done
Event: 11.153 Executing VM operation: G1PauseCleanup
Event: 11.154 Executing VM operation: G1PauseCleanup done
Event: 11.158 Executing VM operation: HandshakeAllThreads
Event: 11.158 Executing VM operation: HandshakeAllThreads done
Event: 11.787 Executing VM operation: HandshakeAllThreads
Event: 11.787 Executing VM operation: HandshakeAllThreads done
Event: 12.052 Executing VM operation: HandshakeAllThreads
Event: 12.052 Executing VM operation: HandshakeAllThreads done
Event: 12.146 Executing VM operation: HandshakeAllThreads
Event: 12.146 Executing VM operation: HandshakeAllThreads done
Event: 12.149 Executing VM operation: HandshakeAllThreads
Event: 12.149 Executing VM operation: HandshakeAllThreads done

Events (16 events):
Event: 0.031 Thread 0x0000014a27c9f980 Thread added: 0x0000014a27c9f980
Event: 0.063 Thread 0x0000014a4461a400 Thread added: 0x0000014a4461a400
Event: 0.063 Thread 0x0000014a4461b3a0 Thread added: 0x0000014a4461b3a0
Event: 0.064 Thread 0x0000014a4461def0 Thread added: 0x0000014a4461def0
Event: 0.064 Thread 0x0000014a44624010 Thread added: 0x0000014a44624010
Event: 0.064 Thread 0x0000014a44624bd0 Thread added: 0x0000014a44624bd0
Event: 0.064 Thread 0x0000014a44625510 Thread added: 0x0000014a44625510
Event: 0.064 Thread 0x0000014a44626180 Thread added: 0x0000014a44626180
Event: 0.066 Thread 0x0000014a44627ac0 Thread added: 0x0000014a44627ac0
Event: 0.235 Thread 0x0000014a446de610 Thread added: 0x0000014a446de610
Event: 0.787 Thread 0x0000014a48a9f4a0 Thread added: 0x0000014a48a9f4a0
Event: 0.787 Thread 0x0000014a48a9f9f0 Thread added: 0x0000014a48a9f9f0
Event: 5.152 Thread 0x0000014a49668010 Thread added: 0x0000014a49668010
Event: 6.228 Thread 0x0000014a49668010 Thread exited: 0x0000014a49668010
Event: 6.466 Thread 0x0000014a4892c990 Thread added: 0x0000014a4892c990
Event: 6.516 Thread 0x0000014a4892c990 Thread exited: 0x0000014a4892c990


Dynamic libraries:
0x00007ff6c0600000 - 0x00007ff6c0610000 	C:\Program Files\Java\jdk-20\bin\java.exe
0x00007ffe78b30000 - 0x00007ffe78d28000 	C:\WINDOWS\SYSTEM32\ntdll.dll
0x00007ffe76d10000 - 0x00007ffe76dcd000 	C:\WINDOWS\System32\KERNEL32.DLL
0x00007ffe76260000 - 0x00007ffe76556000 	C:\WINDOWS\System32\KERNELBASE.dll
0x00007ffe76990000 - 0x00007ffe76a90000 	C:\WINDOWS\System32\ucrtbase.dll
0x00007ffe6ee10000 - 0x00007ffe6ee29000 	C:\Program Files\Java\jdk-20\bin\jli.dll
0x00007ffe77650000 - 0x00007ffe77703000 	C:\WINDOWS\System32\ADVAPI32.dll
0x00007ffe78a50000 - 0x00007ffe78aee000 	C:\WINDOWS\System32\msvcrt.dll
0x00007ffe789b0000 - 0x00007ffe78a4f000 	C:\WINDOWS\System32\sechost.dll
0x00007ffe78400000 - 0x00007ffe78526000 	C:\WINDOWS\System32\RPCRT4.dll
0x00007ffe76880000 - 0x00007ffe768a7000 	C:\WINDOWS\System32\bcrypt.dll
0x00007ffe76b70000 - 0x00007ffe76d0e000 	C:\WINDOWS\System32\USER32.dll
0x00007ffe76960000 - 0x00007ffe76982000 	C:\WINDOWS\System32\win32u.dll
0x00007ffe76df0000 - 0x00007ffe76e1b000 	C:\WINDOWS\System32\GDI32.dll
0x00007ffe76760000 - 0x00007ffe76877000 	C:\WINDOWS\System32\gdi32full.dll
0x00007ffe76560000 - 0x00007ffe765fd000 	C:\WINDOWS\System32\msvcp_win.dll
0x00007ffe5bbd0000 - 0x00007ffe5bbeb000 	C:\Program Files\Java\jdk-20\bin\VCRUNTIME140.dll
0x00007ffe59690000 - 0x00007ffe5992a000 	C:\WINDOWS\WinSxS\amd64_microsoft.windows.common-controls_6595b64144ccf1df_6.0.19041.3636_none_60b6a03d71f818d5\COMCTL32.dll
0x00007ffe6e210000 - 0x00007ffe6e21a000 	C:\WINDOWS\SYSTEM32\VERSION.dll
0x00007ffe78530000 - 0x00007ffe78562000 	C:\WINDOWS\System32\IMM32.DLL
0x00007ffe71570000 - 0x00007ffe7157c000 	C:\Program Files\Java\jdk-20\bin\vcruntime140_1.dll
0x00007ffe38fb0000 - 0x00007ffe3903e000 	C:\Program Files\Java\jdk-20\bin\msvcp140.dll
0x00007ffe0c6a0000 - 0x00007ffe0d337000 	C:\Program Files\Java\jdk-20\bin\server\jvm.dll
0x00007ffe4ab90000 - 0x00007ffe4ab99000 	C:\WINDOWS\SYSTEM32\WSOCK32.dll
0x00007ffe78330000 - 0x00007ffe7839b000 	C:\WINDOWS\System32\WS2_32.dll
0x00007ffe55500000 - 0x00007ffe55527000 	C:\WINDOWS\SYSTEM32\WINMM.dll
0x00007ffe749f0000 - 0x00007ffe74a02000 	C:\WINDOWS\SYSTEM32\kernel.appcore.dll
0x00007ffe6ffd0000 - 0x00007ffe6ffda000 	C:\Program Files\Java\jdk-20\bin\jimage.dll
0x00007ffe73f60000 - 0x00007ffe74144000 	C:\WINDOWS\SYSTEM32\DBGHELP.DLL
0x00007ffe589a0000 - 0x00007ffe589d4000 	C:\WINDOWS\SYSTEM32\dbgcore.DLL
0x00007ffe76ae0000 - 0x00007ffe76b62000 	C:\WINDOWS\System32\bcryptPrimitives.dll
0x00007ffe5df40000 - 0x00007ffe5df4e000 	C:\Program Files\Java\jdk-20\bin\instrument.dll
0x00007ffe5b930000 - 0x00007ffe5b956000 	C:\Program Files\Java\jdk-20\bin\java.dll
0x00007ffe33f60000 - 0x00007ffe34037000 	C:\Program Files\Java\jdk-20\bin\jsvml.dll
0x00007ffe77770000 - 0x00007ffe77eb5000 	C:\WINDOWS\System32\SHELL32.dll
0x00007ffe74240000 - 0x00007ffe749dc000 	C:\WINDOWS\SYSTEM32\windows.storage.dll
0x00007ffe77110000 - 0x00007ffe77464000 	C:\WINDOWS\System32\combase.dll
0x00007ffe75b50000 - 0x00007ffe75b7e000 	C:\WINDOWS\SYSTEM32\Wldp.dll
0x00007ffe788e0000 - 0x00007ffe789ad000 	C:\WINDOWS\System32\OLEAUT32.dll
0x00007ffe78770000 - 0x00007ffe7881d000 	C:\WINDOWS\System32\SHCORE.dll
0x00007ffe77560000 - 0x00007ffe775b5000 	C:\WINDOWS\System32\shlwapi.dll
0x00007ffe76120000 - 0x00007ffe76145000 	C:\WINDOWS\SYSTEM32\profapi.dll
0x00007ffe5b910000 - 0x00007ffe5b928000 	C:\Program Files\Java\jdk-20\bin\zip.dll
0x00007ffe59eb0000 - 0x00007ffe59ec3000 	C:\Program Files\Java\jdk-20\bin\net.dll
0x00007ffe67030000 - 0x00007ffe6713a000 	C:\WINDOWS\SYSTEM32\WINHTTP.dll
0x00007ffe75890000 - 0x00007ffe758fa000 	C:\WINDOWS\system32\mswsock.dll
0x00007ffe59e90000 - 0x00007ffe59ea6000 	C:\Program Files\Java\jdk-20\bin\nio.dll
0x00007ffe59a80000 - 0x00007ffe59a9a000 	C:\Program Files\JetBrains\IntelliJ IDEA Community Edition 2023.1.4\bin\breakgen64.dll
0x00007ffe5bca0000 - 0x00007ffe5bca7000 	C:\Program Files\Java\jdk-20\bin\extnet.dll

dbghelp: loaded successfully - version: 4.0.5 - missing functions: none
symbol engine: initialized successfully - sym options: 0x614 - pdb path: .;C:\Program Files\Java\jdk-20\bin;C:\WINDOWS\SYSTEM32;C:\WINDOWS\WinSxS\amd64_microsoft.windows.common-controls_6595b64144ccf1df_6.0.19041.3636_none_60b6a03d71f818d5;C:\Program Files\Java\jdk-20\bin\server;C:\Program Files\JetBrains\IntelliJ IDEA Community Edition 2023.1.4\bin

VM Arguments:
jvm_args: -javaagent:C:\Program Files\JetBrains\IntelliJ IDEA Community Edition 2023.1.4\lib\idea_rt.jar=52745:C:\Program Files\JetBrains\IntelliJ IDEA Community Edition 2023.1.4\bin -Dfile.encoding=UTF-8 -Dsun.stdout.encoding=UTF-8 -Dsun.stderr.encoding=UTF-8 
java_command: pe.nico.segovia.StackoverflowSpringApplication
java_class_path (initial): C:\Users\nicos\OneDrive\Escritorio\stackoverflow-spring\target\classes;C:\Users\nicos\.m2\repository\org\springframework\boot\spring-boot-starter-data-jpa\3.1.7\spring-boot-starter-data-jpa-3.1.7.jar;C:\Users\nicos\.m2\repository\org\springframework\boot\spring-boot-starter-aop\3.1.7\spring-boot-starter-aop-3.1.7.jar;C:\Users\nicos\.m2\repository\org\aspectj\aspectjweaver\1.9.21\aspectjweaver-1.9.21.jar;C:\Users\nicos\.m2\repository\org\springframework\boot\spring-boot-starter-jdbc\3.1.7\spring-boot-starter-jdbc-3.1.7.jar;C:\Users\nicos\.m2\repository\com\zaxxer\HikariCP\5.0.1\HikariCP-5.0.1.jar;C:\Users\nicos\.m2\repository\org\springframework\spring-jdbc\6.0.15\spring-jdbc-6.0.15.jar;C:\Users\nicos\.m2\repository\org\hibernate\orm\hibernate-core\6.2.17.Final\hibernate-core-6.2.17.Final.jar;C:\Users\nicos\.m2\repository\jakarta\persistence\jakarta.persistence-api\3.1.0\jakarta.persistence-api-3.1.0.jar;C:\Users\nicos\.m2\repository\jakarta\transaction\jakarta.transaction-api\2.0.1\jakarta.transaction-api-2.0.1.jar;C:\Users\nicos\.m2\repository\org\jboss\logging\jboss-logging\3.5.3.Final\jboss-logging-3.5.3.Final.jar;C:\Users\nicos\.m2\repository\org\hibernate\common\hibernate-commons-annotations\6.0.6.Final\hibernate-commons-annotations-6.0.6.Final.jar;C:\Users\nicos\.m2\repository\io\smallrye\jandex\3.0.5\jandex-3.0.5.jar;C:\Users\nicos\.m2\repository\com\fasterxml\classmate\1.5.1\classmate-1.5.1.jar;C:\Users\nicos\.m2\repository\net\bytebuddy\byte-buddy\1.14.10\byte-buddy-1.14.10.jar;C:\Users\nicos\.m2\repository\org\glassfish\jaxb\jaxb-runtime\4.0.4\jaxb-runtime-4.0.4.jar;C:\Users\nicos\.m2\repository\org\glassfish\jaxb\jaxb-core\4.0.4\jaxb-core-4.0.4.jar;C:\Users\nicos\.m2\repository\org\eclipse\angus\angus-activation\2.0.1\angus-activation-2.0.1.jar;C:\Users\nicos\.m2\repository\org\glassfish\jaxb\txw2\4.0.4\txw2-4.0.4.jar;C:\Users\nicos\.m2\repository\com\sun\istack\istack-commons-runtime\4.1.2\istack-commons-runtime-4.1.2.jar;C:\Users\nicos\.m2\repository\jakarta\inject\jakarta.inject-api\2.0.1\jakarta.inject-api-2.0.1.jar;C:\Users\nicos\.m2\repository\org\antlr\antlr4-runtime\4.10.1\antlr4-runtime-4.10.1.jar;C:\Users\nicos\.m2\repository\org\springframework\data\spring-data-jpa\3.1.7\spring-data-jpa-3.1.7.jar;C:\Users\nicos\.m2\repository\org\springframework\data\spring-data-commons\3.1.7\spring-data-commons-3.1.7.jar;C:\Users\nicos\.m2\repository\org\springframework\spring-orm\6.0.15\spring-orm-6.0.15.jar;C:\Users\nicos\.m2\repository\org\springframework\spring-context\6.0.15\spring-context-6.0.15.jar;C:\Users\nicos\.m2\repository\org\springframework\spring-tx\6.0.15\spring-tx-6.0.15.jar;C:\Users\nicos\.m2\repository\org\springframework\spring-beans\6.0.15\spring-beans-6.0.15.jar;C:\Users\nicos\.m2\repository\jakarta\annotation\jakarta.annotation-api\2.1.1\jakarta.annotation-api-2.1.1.jar;C:\Users\nicos\.m2\repository\org\slf4j\slf4j-api\2.0.9\slf4j-api-2.0.9.jar;C:\Users\nicos\.m2\repository\org\springframework\spring-aspects\6.0.15\spring-aspects-6.0.15.jar;C:\Users\nicos\.m2\repository\org\springframework\boot\spring-boot-starter-security\3.1.7\spring-boot-starter-security-3.1.7.jar;C:\Users\nicos\.m2\repository\org\springframework\boot\spring-boot-starter\3.1.7\spring-boot-starter-3.1.7.jar;C:\Users\nicos\.m2\repository\org\springframework\boot\spring-boot\3.1.7\spring-boot-3.1.7.jar;C:\Users\nicos\.m2\repository\org\springframework\boot\spring-boot-autoconfigure\3.1.7\spring-boot-autoconfigure-3.1.7.jar;C:\Users\nicos\.m2\repository\org\springframework\boot\spring-boot-starter-logging\3.1.7\spring-boot-starter-logging-3.1.7.jar;C:\Users\nicos\.m2\repository\ch\qos\logback\logback-classic\1.4.14\logback-classic-1.4.14.jar;C:\Users\nicos\.m2\repository\ch\qos\logback\logback-core\1.4.14\logback-core-1.4.14.jar;C:\Users\nicos\.m2\repository\org\apache\logging\log4j\log4j-to-slf4j\2.20.0\log4j-to-slf4j-2.20.0.jar;C:\Users\nicos\.m2\repository\org\apache\logging\log4j\log4j-api\2.20.0\log4j-api-2.20.0.jar;C:\Users\nicos\.m2\repository\org\slf4j\jul-to-slf4j\2.0.9\jul-to-slf4j-2.0.9.jar;C:\Users\nicos\.m2\repository\org\yaml\snakeyaml\1.33\snakeyaml-1.33.jar;C:\Users\nicos\.m2\repository\org\springframework\spring-aop\6.0.15\spring-aop-6.0.15.jar;C:\Users\nicos\.m2\repository\org\springframework\security\spring-security-config\6.1.6\spring-security-config-6.1.6.jar;C:\Users\nicos\.m2\repository\org\springframework\security\spring-security-web\6.1.6\spring-security-web-6.1.6.jar;C:\Users\nicos\.m2\repository\org\springframework\spring-expression\6.0.15\spring-expression-6.0.15.jar;C:\Users\nicos\.m2\repository\org\springframework\boot\spring-boot-starter-web\3.1.7\spring-boot-starter-web-3.1.7.jar;C:\Users\nicos\.m2\repository\org\springframework\boot\spring-boot-starter-json\3.1.7\spring-boot-starter-json-3.1.7.jar;C:\Users\nicos\.m2\repository\com\fasterxml\jackson\datatype\jackson-datatype-jdk8\2.15.3\jackson-datatype-jdk8-2.15.3.jar;C:\Users\nicos\.m2\repository\com\fasterxml\jackson\datatype\jackson-datatype-jsr310\2.15.3\jackson-datatype-jsr310-2.15.3.jar;C:\Users\nicos\.m2\repository\com\fasterxml\jackson\module\jackson-module-parameter-names\2.15.3\jackson-module-parameter-names-2.15.3.jar;C:\Users\nicos\.m2\repository\org\springframework\boot\spring-boot-starter-tomcat\3.1.7\spring-boot-starter-tomcat-3.1.7.jar;C:\Users\nicos\.m2\repository\org\apache\tomcat\embed\tomcat-embed-core\10.1.17\tomcat-embed-core-10.1.17.jar;C:\Users\nicos\.m2\repository\org\apache\tomcat\embed\tomcat-embed-el\10.1.17\tomcat-embed-el-10.1.17.jar;C:\Users\nicos\.m2\repository\org\apache\tomcat\embed\tomcat-embed-websocket\10.1.17\tomcat-embed-websocket-10.1.17.jar;C:\Users\nicos\.m2\repository\org\springframework\spring-web\6.0.15\spring-web-6.0.15.jar;C:\Users\nicos\.m2\repository\io\micrometer\micrometer-observation\1.11.7\micrometer-observation-1.11.7.jar;C:\Users\nicos\.m2\repository\io\micrometer\micrometer-commons\1.11.7\micrometer-commons-1.11.7.jar;C:\Users\nicos\.m2\repository\org\springframework\spring-webmvc\6.0.15\spring-webmvc-6.0.15.jar;C:\Users\nicos\.m2\repository\com\mysql\mysql-connector-j\8.0.33\mysql-connector-j-8.0.33.jar;C:\Users\nicos\.m2\repository\org\projectlombok\lombok\1.18.30\lombok-1.18.30.jar;C:\Users\nicos\.m2\repository\jakarta\xml\bind\jakarta.xml.bind-api\4.0.1\jakarta.xml.bind-api-4.0.1.jar;C:\Users\nicos\.m2\repository\jakarta\activation\jakarta.activation-api\2.1.2\jakarta.activation-api-2.1.2.jar;C:\Users\nicos\.m2\repository\org\springframework\spring-core\6.0.15\spring-core-6.0.15.jar;C:\Users\nicos\.m2\repository\org\springframework\spring-jcl\6.0.15\spring-jcl-6.0.15.jar;C:\Users\nicos\.m2\repository\org\springframework\security\spring-security-core\6.1.6\spring-security-core-6.1.6.jar;C:\Users\nicos\.m2\repository\org\springframework\security\spring-security-crypto\6.1.6\spring-security-crypto-6.1.6.jar;C:\Users\nicos\.m2\repository\io\jsonwebtoken\jjwt-api\0.11.5\jjwt-api-0.11.5.jar;C:\Users\nicos\.m2\repository\io\jsonwebtoken\jjwt-impl\0.11.5\jjwt-impl-0.11.5.jar;C:\Users\nicos\.m2\repository\io\jsonwebtoken\jjwt-jackson\0.11.5\jjwt-jackson-0.11.5.jar;C:\Users\nicos\.m2\repository\com\fasterxml\jackson\core\jackson-databind\2.15.3\jackson-databind-2.15.3.jar;C:\Users\nicos\.m2\repository\com\fasterxml\jackson\core\jackson-annotations\2.15.3\jackson-annotations-2.15.3.jar;C:\Users\nicos\.m2\repository\com\fasterxml\jackson\core\jackson-core\2.15.3\jackson-core-2.15.3.jar;C:\Users\nicos\.m2\repository\com\vaadin\external\google\android-json\0.0.20131108.vaadin1\android-json-0.0.20131108.vaadin1.jar
Launcher Type: SUN_STANDARD

[Global flags]
     intx CICompilerCount                          = 3                                         {product} {ergonomic}
     uint ConcGCThreads                            = 1                                         {product} {ergonomic}
     uint G1ConcRefinementThreads                  = 4                                         {product} {ergonomic}
   size_t G1HeapRegionSize                         = 1048576                                   {product} {ergonomic}
    uintx GCDrainStackTargetSize                   = 64                                        {product} {ergonomic}
   size_t InitialHeapSize                          = 65011712                                  {product} {ergonomic}
   size_t MarkStackSize                            = 4194304                                   {product} {ergonomic}
   size_t MaxHeapSize                              = 1023410176                                {product} {ergonomic}
   size_t MaxNewSize                               = 613416960                                 {product} {ergonomic}
   size_t MinHeapDeltaBytes                        = 1048576                                   {product} {ergonomic}
   size_t MinHeapSize                              = 8388608                                   {product} {ergonomic}
    uintx NonNMethodCodeHeapSize                   = 5832780                                {pd product} {ergonomic}
    uintx NonProfiledCodeHeapSize                  = 122912730                              {pd product} {ergonomic}
    uintx ProfiledCodeHeapSize                     = 122912730                              {pd product} {ergonomic}
    uintx ReservedCodeCacheSize                    = 251658240                              {pd product} {ergonomic}
     bool SegmentedCodeCache                       = true                                      {product} {ergonomic}
   size_t SoftMaxHeapSize                          = 1023410176                             {manageable} {ergonomic}
     bool UseCompressedClassPointers               = true                           {product lp64_product} {ergonomic}
     bool UseCompressedOops                        = true                           {product lp64_product} {ergonomic}
     bool UseG1GC                                  = true                                      {product} {ergonomic}
     bool UseLargePagesIndividualAllocation        = false                                  {pd product} {ergonomic}

Logging:
Log output configuration:
 #0: stdout all=warning uptime,level,tags foldmultilines=false
 #1: stderr all=off uptime,level,tags foldmultilines=false

Environment Variables:
PATH=C:\Program Files\Common Files\Oracle\Java\javapath;C:\Program Files (x86)\Common Files\Oracle\Java\javapath;C:\WINDOWS\system32;C:\WINDOWS;C:\WINDOWS\System32\Wbem;C:\WINDOWS\System32\WindowsPowerShell\v1.0\;C:\WINDOWS\System32\OpenSSH\;C:\Program Files\Docker\Docker\resources\bin;C:\Program Files\nodejs\;C:\Program Files\Git\cmd;C:\Program Files\Microsoft SQL Server\150\Tools\Binn\;C:\Program Files\Microsoft SQL Server\Client SDK\ODBC\170\Tools\Binn\;C:\Program Files\dotnet\;C:\Program Files (x86)\Microsoft SQL Server\160\Tools\Binn\;C:\Program Files\Microsoft SQL Server\160\Tools\Binn\;C:\Program Files\Microsoft SQL Server\160\DTS\Binn\;C:\Program Files (x86)\Microsoft SQL Server\160\DTS\Binn\;C:\Program Files\Azure Data Studio\bin;C:\Maven\apache-maven-3.9.5\bin;C:\Program Files\MySQL\MySQL Shell 8.0\bin\;C:\Users\nicos\AppData\Local\Microsoft\WindowsApps;;C:\Users\nicos\AppData\Local\Programs\Microsoft VS Code\bin;C:\Users\nicos\AppData\Roaming\npm;C:\Users\nicos\.dotnet\tools;C:\Program Files\Azure Data Studio\bin;C:\Program Files\JetBrains\IntelliJ IDEA Community Edition 2023.1.4\bin;
USERNAME=NICO
OS=Windows_NT
PROCESSOR_IDENTIFIER=Intel64 Family 6 Model 142 Stepping 12, GenuineIntel
TMP=C:\Users\nicos\AppData\Local\Temp
TEMP=C:\Users\nicos\AppData\Local\Temp




---------------  S Y S T E M  ---------------

OS:
 Windows 10 , 64 bit Build 19041 (10.0.19041.3636)
OS uptime: 7 days 23:39 hours
Hyper-V role detected

CPU: total 4 (initial active 4) (2 cores per cpu, 2 threads per core) family 6 model 142 stepping 12 microcode 0xde, cx8, cmov, fxsr, ht, mmx, 3dnowpref, sse, sse2, sse3, ssse3, sse4.1, sse4.2, popcnt, lzcnt, tsc, tscinvbit, avx, avx2, aes, erms, clmul, bmi1, bmi2, adx, fma, vzeroupper, clflush, clflushopt, hv, rdtscp, f16c

Memory: 4k page, system-wide physical 3900M (85M free)
TotalPageFile size 15676M (AvailPageFile size 0M)
current process WorkingSet (physical memory assigned to process): 131M, peak: 145M
current process commit charge ("private bytes"): 173M, peak: 194M

vm_info: Java HotSpot(TM) 64-Bit Server VM (20.0.1+9-29) for windows-amd64 JRE (20.0.1+9-29), built on 2023-03-07T13:56:11Z by "mach5one" with MS VC++ 17.1 (VS2022)

END.
